<?xml version="1.0" encoding="UTF-8"?>
<!-- Generated by org.testng.reporters.JUnitReportReporter -->
<testsuite hostname="192.168.1.2" failures="0" tests="2" name="Runner.TestRunner" time="37.145" errors="0" timestamp="2024-10-10T17:39:59 IST" skipped="0">
  <testcase classname="Runner.TestRunner" name="runScenario" time="24.760"/>
  <testcase classname="Runner.TestRunner" name="runScenario" time="12.385"/>
</testsuite> <!-- Runner.TestRunner -->
