<?xml version="1.0" encoding="UTF-8"?>
<!-- Generated by org.testng.reporters.JUnitReportReporter -->
<testsuite hostname="192.168.1.2" failures="0" tests="2" name="test.CartFunctionalityTest" time="37.341" errors="0" timestamp="2024-10-09T16:40:31 IST" skipped="0">
  <testcase classname="test.CartFunctionalityTest" name="validateRemovingItemFromCart" time="12.620"/>
  <testcase classname="test.CartFunctionalityTest" name="validateAddToCartFunctionality" time="24.721"/>
</testsuite> <!-- test.CartFunctionalityTest -->
