<?xml version="1.0" encoding="UTF-8"?>
<!-- Generated by org.testng.reporters.JUnitReportReporter -->
<testsuite hostname="Mihirs-MacBook-Air.local" failures="0" tests="1" name="test.loginTest" time="15.412" errors="0" timestamp="2024-10-11T11:10:29 IST" skipped="0">
  <testcase classname="test.loginTest" name="validUserTest" time="15.412"/>
  <system-out/>
</testsuite> <!-- test.loginTest -->
