<?xml version="1.0" encoding="UTF-8"?>
<!-- Generated by org.testng.reporters.JUnitReportReporter -->
<testsuite hostname="192.168.1.2" failures="0" tests="2" name="Runner.TestRunner" time="47.440" errors="0" timestamp="2024-10-09T17:23:29 IST" skipped="0">
  <testcase classname="Runner.TestRunner" name="runScenario" time="25.318"/>
  <testcase classname="Runner.TestRunner" name="runScenario" time="22.122"/>
</testsuite> <!-- Runner.TestRunner -->
