<?xml version="1.0" encoding="UTF-8"?>
<!-- Generated by org.testng.reporters.JUnitReportReporter -->
<testsuite hostname="Mihirs-MacBook-Air.local" failures="0" tests="4" name="test.t1" time="49.573" errors="0" timestamp="2024-10-02T12:50:35 IST" skipped="0">
  <testcase classname="test.t1" name="validUserTest" time="14.804"/>
  <testcase classname="test.t1" name="validUserTest" time="14.430"/>
  <testcase classname="test.t1" name="test" time="10.105"/>
  <testcase classname="test.t1" name="test" time="10.234"/>
</testsuite> <!-- test.t1 -->
