<?xml version="1.0" encoding="UTF-8"?>
<!-- Generated by org.testng.reporters.JUnitReportReporter -->
<testsuite hostname="192.168.1.2" failures="0" tests="2" name="test.Testclass2" time="40.619" errors="0" timestamp="2024-10-09T15:24:19 IST" skipped="0">
  <testcase classname="test.Testclass2" name="test1" time="20.912"/>
  <testcase classname="test.Testclass2" name="test3" time="19.707"/>
</testsuite> <!-- test.Testclass2 -->
