<?xml version="1.0" encoding="UTF-8"?>
<!-- Generated by org.testng.reporters.JUnitReportReporter -->
<testsuite hostname="192.168.1.2" failures="0" tests="7" name="test.loginTest" time="76.538" errors="0" timestamp="2024-10-08T12:21:51 IST" skipped="0">
  <testcase classname="test.loginTest" name="validUserTest" time="9.924"/>
  <testcase classname="test.loginTest" name="validUserTest" time="12.273"/>
  <testcase classname="test.loginTest" name="invalidUserTest" time="12.308"/>
  <testcase classname="test.loginTest" name="invalidUserTest" time="8.324"/>
  <testcase classname="test.loginTest" name="logoutTest" time="11.977"/>
  <testcase classname="test.loginTest" name="emptyCredentialsTest" time="9.743"/>
  <testcase classname="test.loginTest" name="logoutTest" time="11.989"/>
</testsuite> <!-- test.loginTest -->
